[1223/012137.575:ERROR:process_info.cc(375)] NtQuerySystemInformation SystemExtendedHandleInformation: The specified information record length does not match the length required for the specified information class. (0xc0000004)
[1223/012137.602:ERROR:process_memory_win.cc(73)] ReadMemory at 0x7ff71f6e0000 of 64 bytes failed: Only part of a ReadProcessMemory or WriteProcessMemory request was completed. (0x12B)
[1223/012137.603:WARNING:pe_image_reader.cc(340)] could not read dos header from C:\Program Files (x86)\Google\Chrome\Application\chrome.exe
[1223/012137.603:ERROR:process_memory_win.cc(73)] ReadMemory at 0x7ff8afb00000 of 64 bytes failed: Only part of a ReadProcessMemory or WriteProcessMemory request was completed. (0x12B)
[1223/012137.603:WARNING:pe_image_reader.cc(340)] could not read dos header from C:\WINDOWS\SYSTEM32\ntdll.dll
[1223/012137.604:ERROR:process_memory_win.cc(73)] ReadMemory at 0x7ff8ae9a0000 of 64 bytes failed: Only part of a ReadProcessMemory or WriteProcessMemory request was completed. (0x12B)
[1223/012137.604:WARNING:pe_image_reader.cc(340)] could not read dos header from C:\WINDOWS\System32\KERNEL32.DLL
[1223/012137.604:ERROR:process_memory_win.cc(73)] ReadMemory at 0x7ff8aca90000 of 64 bytes failed: Only part of a ReadProcessMemory or WriteProcessMemory request was completed. (0x12B)
[1223/012137.604:WARNING:pe_image_reader.cc(340)] could not read dos header from C:\WINDOWS\System32\KERNELBASE.dll
[1223/012137.604:ERROR:process_memory_win.cc(73)] ReadMemory at 0x7ff88fca0000 of 64 bytes failed: Only part of a ReadProcessMemory or WriteProcessMemory request was completed. (0x12B)
[1223/012137.604:WARNING:pe_image_reader.cc(340)] could not read dos header from C:\WINDOWS\system32\ctiuser.dll
[1223/012137.604:ERROR:process_memory_win.cc(73)] ReadMemory at 0x7ff8afa50000 of 64 bytes failed: Only part of a ReadProcessMemory or WriteProcessMemory request was completed. (0x12B)
[1223/012137.604:WARNING:pe_image_reader.cc(340)] could not read dos header from C:\WINDOWS\System32\WS2_32.dll
[1223/012137.604:ERROR:process_memory_win.cc(73)] ReadMemory at 0x7ff8af570000 of 64 bytes failed: Only part of a ReadProcessMemory or WriteProcessMemory request was completed. (0x12B)
[1223/012137.604:WARNING:pe_image_reader.cc(340)] could not read dos header from C:\WINDOWS\System32\RPCRT4.dll
[1223/012137.604:ERROR:process_memory_win.cc(73)] ReadMemory at 0x7ff8adbb0000 of 64 bytes failed: Only part of a ReadProcessMemory or WriteProcessMemory request was completed. (0x12B)
[1223/012137.604:WARNING:pe_image_reader.cc(340)] could not read dos header from C:\WINDOWS\System32\PSAPI.DLL
[1223/012137.604:ERROR:process_memory_win.cc(73)] ReadMemory at 0x7ff8aeac0000 of 64 bytes failed: Only part of a ReadProcessMemory or WriteProcessMemory request was completed. (0x12B)
[1223/012137.604:WARNING:pe_image_reader.cc(340)] could not read dos header from C:\WINDOWS\System32\USER32.dll
[1223/012137.604:ERROR:process_memory_win.cc(73)] ReadMemory at 0x7ff8ad1c0000 of 64 bytes failed: Only part of a ReadProcessMemory or WriteProcessMemory request was completed. (0x12B)
[1223/012137.604:WARNING:pe_image_reader.cc(340)] could not read dos header from C:\WINDOWS\System32\win32u.dll
[1223/012137.604:ERROR:process_memory_win.cc(73)] ReadMemory at 0x7ff8af690000 of 64 bytes failed: Only part of a ReadProcessMemory or WriteProcessMemory request was completed. (0x12B)
[1223/012137.604:WARNING:pe_image_reader.cc(340)] could not read dos header from C:\WINDOWS\System32\GDI32.dll
[1223/012137.604:ERROR:process_memory_win.cc(73)] ReadMemory at 0x7ff8ad1f0000 of 64 bytes failed: Only part of a ReadProcessMemory or WriteProcessMemory request was completed. (0x12B)
[1223/012137.604:WARNING:pe_image_reader.cc(340)] could not read dos header from C:\WINDOWS\System32\gdi32full.dll
[1223/012137.604:ERROR:process_memory_win.cc(73)] ReadMemory at 0x7ff8ad390000 of 64 bytes failed: Only part of a ReadProcessMemory or WriteProcessMemory request was completed. (0x12B)
[1223/012137.604:WARNING:pe_image_reader.cc(340)] could not read dos header from C:\WINDOWS\System32\msvcp_win.dll
[1223/012137.604:ERROR:process_memory_win.cc(73)] ReadMemory at 0x7ff8acd40000 of 64 bytes failed: Only part of a ReadProcessMemory or WriteProcessMemory request was completed. (0x12B)
[1223/012137.605:WARNING:pe_image_reader.cc(340)] could not read dos header from C:\WINDOWS\System32\ucrtbase.dll
[1223/012137.605:ERROR:process_memory_win.cc(73)] ReadMemory at 0x7ff899760000 of 64 bytes failed: Only part of a ReadProcessMemory or WriteProcessMemory request was completed. (0x12B)
[1223/012137.605:WARNING:pe_image_reader.cc(340)] could not read dos header from C:\WINDOWS\SYSTEM32\FLTLIB.DLL
[1223/012137.605:ERROR:process_memory_win.cc(73)] ReadMemory at 0x7ff8af6c0000 of 64 bytes failed: Only part of a ReadProcessMemory or WriteProcessMemory request was completed. (0x12B)
[1223/012137.605:WARNING:pe_image_reader.cc(340)] could not read dos header from C:\WINDOWS\System32\ADVAPI32.dll
[1223/012137.605:ERROR:process_memory_win.cc(73)] ReadMemory at 0x7ff8af9b0000 of 64 bytes failed: Only part of a ReadProcessMemory or WriteProcessMemory request was completed. (0x12B)
[1223/012137.605:WARNING:pe_image_reader.cc(340)] could not read dos header from C:\WINDOWS\System32\msvcrt.dll
[1223/012137.605:ERROR:process_memory_win.cc(73)] ReadMemory at 0x7ff8aefe0000 of 64 bytes failed: Only part of a ReadProcessMemory or WriteProcessMemory request was completed. (0x12B)
[1223/012137.605:WARNING:pe_image_reader.cc(340)] could not read dos header from C:\WINDOWS\System32\sechost.dll
[1223/012137.605:ERROR:process_memory_win.cc(73)] ReadMemory at 0x7ff86e1f0000 of 64 bytes failed: Only part of a ReadProcessMemory or WriteProcessMemory request was completed. (0x12B)
[1223/012137.605:WARNING:pe_image_reader.cc(340)] could not read dos header from C:\Program Files (x86)\Google\Chrome\Application\79.0.3945.88\chrome_elf.dll
[1223/012137.605:ERROR:process_memory_win.cc(73)] ReadMemory at 0x7ff8a5220000 of 64 bytes failed: Only part of a ReadProcessMemory or WriteProcessMemory request was completed. (0x12B)
[1223/012137.605:WARNING:pe_image_reader.cc(340)] could not read dos header from C:\WINDOWS\SYSTEM32\VERSION.dll
[1223/012137.605:ERROR:process_memory_win.cc(73)] ReadMemory at 0x7ff8aec70000 of 64 bytes failed: Only part of a ReadProcessMemory or WriteProcessMemory request was completed. (0x12B)
[1223/012137.605:WARNING:pe_image_reader.cc(340)] could not read dos header from C:\WINDOWS\System32\IMM32.DLL
[1223/012137.605:ERROR:process_memory_win.cc(73)] ReadMemory at 0x7ff8acf90000 of 64 bytes failed: Only part of a ReadProcessMemory or WriteProcessMemory request was completed. (0x12B)
[1223/012137.605:WARNING:pe_image_reader.cc(340)] could not read dos header from C:\WINDOWS\System32\bcryptPrimitives.dll
[1223/012137.605:ERROR:process_memory_win.cc(73)] ReadMemory at 0x7ff8199f0000 of 64 bytes failed: Only part of a ReadProcessMemory or WriteProcessMemory request was completed. (0x12B)
[1223/012137.605:WARNING:pe_image_reader.cc(340)] could not read dos header from C:\Program Files (x86)\Google\Chrome\Application\79.0.3945.88\chrome_child.dll
[1223/012137.605:ERROR:process_memory_win.cc(73)] ReadMemory at 0x7ff8adbc0000 of 64 bytes failed: Only part of a ReadProcessMemory or WriteProcessMemory request was completed. (0x12B)
[1223/012137.605:WARNING:pe_image_reader.cc(340)] could not read dos header from C:\WINDOWS\System32\OLEAUT32.dll
[1223/012137.606:ERROR:process_memory_win.cc(73)] ReadMemory at 0x7ff8aeca0000 of 64 bytes failed: Only part of a ReadProcessMemory or WriteProcessMemory request was completed. (0x12B)
[1223/012137.606:WARNING:pe_image_reader.cc(340)] could not read dos header from C:\WINDOWS\System32\combase.dll
[1223/012137.606:ERROR:process_memory_win.cc(73)] ReadMemory at 0x7ff8ad160000 of 64 bytes failed: Only part of a ReadProcessMemory or WriteProcessMemory request was completed. (0x12B)
[1223/012137.606:WARNING:pe_image_reader.cc(340)] could not read dos header from C:\WINDOWS\System32\WINTRUST.dll
[1223/012137.606:ERROR:process_memory_win.cc(73)] ReadMemory at 0x7ff8ac9e0000 of 64 bytes failed: Only part of a ReadProcessMemory or WriteProcessMemory request was completed. (0x12B)
[1223/012137.606:WARNING:pe_image_reader.cc(340)] could not read dos header from C:\WINDOWS\System32\MSASN1.dll
[1223/012137.606:ERROR:process_memory_win.cc(73)] ReadMemory at 0x7ff8ace40000 of 64 bytes failed: Only part of a ReadProcessMemory or WriteProcessMemory request was completed. (0x12B)
[1223/012137.606:WARNING:pe_image_reader.cc(340)] could not read dos header from C:\WINDOWS\System32\CRYPT32.dll
[1223/012137.606:ERROR:process_memory_win.cc(73)] ReadMemory at 0x7ff8abf50000 of 64 bytes failed: Only part of a ReadProcessMemory or WriteProcessMemory request was completed. (0x12B)
[1223/012137.606:WARNING:pe_image_reader.cc(340)] could not read dos header from C:\WINDOWS\SYSTEM32\IPHLPAPI.DLL
[1223/012137.606:ERROR:process_memory_win.cc(73)] ReadMemory at 0x7ff8a05c0000 of 64 bytes failed: Only part of a ReadProcessMemory or WriteProcessMemory request was completed. (0x12B)
[1223/012137.606:WARNING:pe_image_reader.cc(340)] could not read dos header from C:\WINDOWS\SYSTEM32\WINMM.dll
[1223/012137.606:ERROR:process_memory_win.cc(73)] ReadMemory at 0x7ff8ac8f0000 of 64 bytes failed: Only part of a ReadProcessMemory or WriteProcessMemory request was completed. (0x12B)
[1223/012137.606:WARNING:pe_image_reader.cc(340)] could not read dos header from C:\WINDOWS\SYSTEM32\USERENV.dll
[1223/012137.606:ERROR:process_memory_win.cc(73)] ReadMemory at 0x7ff8aca70000 of 64 bytes failed: Only part of a ReadProcessMemory or WriteProcessMemory request was completed. (0x12B)
[1223/012137.606:WARNING:pe_image_reader.cc(340)] could not read dos header from C:\WINDOWS\System32\profapi.dll
[1223/012137.606:ERROR:process_memory_win.cc(73)] ReadMemory at 0x7ff8a8a30000 of 64 bytes failed: Only part of a ReadProcessMemory or WriteProcessMemory request was completed. (0x12B)
[1223/012137.606:WARNING:pe_image_reader.cc(340)] could not read dos header from C:\WINDOWS\SYSTEM32\DWrite.dll
[1223/012137.606:ERROR:process_memory_win.cc(73)] ReadMemory at 0x7ff89e140000 of 64 bytes failed: Only part of a ReadProcessMemory or WriteProcessMemory request was completed. (0x12B)
[1223/012137.606:WARNING:pe_image_reader.cc(340)] could not read dos header from C:\WINDOWS\SYSTEM32\WINSPOOL.DRV
[1223/012137.606:ERROR:process_memory_win.cc(73)] ReadMemory at 0x7ff8aca50000 of 64 bytes failed: Only part of a ReadProcessMemory or WriteProcessMemory request was completed. (0x12B)
[1223/012137.606:WARNING:pe_image_reader.cc(340)] could not read dos header from C:\WINDOWS\System32\kernel.appcore.dll
[1223/012137.606:ERROR:process_memory_win.cc(73)] ReadMemory at 0x7ff8ad030000 of 64 bytes failed: Only part of a ReadProcessMemory or WriteProcessMemory request was completed. (0x12B)
[1223/012137.606:WARNING:pe_image_reader.cc(340)] could not read dos header from C:\WINDOWS\System32\bcrypt.dll
[1223/012137.606:ERROR:process_memory_win.cc(73)] ReadMemory at 0x7ff8ab300000 of 64 bytes failed: Only part of a ReadProcessMemory or WriteProcessMemory request was completed. (0x12B)
[1223/012137.606:WARNING:pe_image_reader.cc(340)] could not read dos header from C:\WINDOWS\SYSTEM32\dbghelp.dll
[1223/012137.606:ERROR:process_memory_win.cc(73)] ReadMemory at 0x7ff8a1c90000 of 64 bytes failed: Only part of a ReadProcessMemory or WriteProcessMemory request was completed. (0x12B)
[1223/012137.606:WARNING:pe_image_reader.cc(340)] could not read dos header from C:\WINDOWS\SYSTEM32\Secur32.dll
[1223/012137.607:ERROR:process_memory_win.cc(73)] ReadMemory at 0x7ff8a9ff0000 of 64 bytes failed: Only part of a ReadProcessMemory or WriteProcessMemory request was completed. (0x12B)
[1223/012137.607:WARNING:pe_image_reader.cc(340)] could not read dos header from C:\WINDOWS\SYSTEM32\WINHTTP.dll
[1223/012137.607:ERROR:process_memory_win.cc(73)] ReadMemory at 0x7ff8a8110000 of 64 bytes failed: Only part of a ReadProcessMemory or WriteProcessMemory request was completed. (0x12B)
[1223/012137.607:WARNING:pe_image_reader.cc(340)] could not read dos header from C:\WINDOWS\SYSTEM32\dhcpcsvc.DLL
[1223/012137.607:ERROR:process_memory_win.cc(73)] ReadMemory at 0x7ff8af7f0000 of 64 bytes failed: Only part of a ReadProcessMemory or WriteProcessMemory request was completed. (0x12B)
[1223/012137.607:WARNING:pe_image_reader.cc(340)] could not read dos header from C:\WINDOWS\System32\NSI.dll
[1223/012137.607:ERROR:process_memory_win.cc(73)] ReadMemory at 0x7ff8a0590000 of 64 bytes failed: Only part of a ReadProcessMemory or WriteProcessMemory request was completed. (0x12B)
[1223/012137.607:WARNING:pe_image_reader.cc(340)] could not read dos header from C:\WINDOWS\SYSTEM32\WINMMBASE.dll
[1223/012137.607:ERROR:process_memory_win.cc(73)] ReadMemory at 0x7ff8ad060000 of 64 bytes failed: Only part of a ReadProcessMemory or WriteProcessMemory request was completed. (0x12B)
[1223/012137.607:WARNING:pe_image_reader.cc(340)] could not read dos header from C:\WINDOWS\System32\cfgmgr32.dll
[1223/012137.607:ERROR:process_memory_win.cc(73)] ReadMemory at 0x7ff8aa710000 of 64 bytes failed: Only part of a ReadProcessMemory or WriteProcessMemory request was completed. (0x12B)
[1223/012137.607:WARNING:pe_image_reader.cc(340)] could not read dos header from C:\WINDOWS\SYSTEM32\PROPSYS.dll
[1223/012137.607:ERROR:process_memory_win.cc(73)] ReadMemory at 0x7ff8ae8f0000 of 64 bytes failed: Only part of a ReadProcessMemory or WriteProcessMemory request was completed. (0x12B)
[1223/012137.607:WARNING:pe_image_reader.cc(340)] could not read dos header from C:\WINDOWS\System32\shcore.dll
[1223/012137.607:ERROR:process_memory_win.cc(73)] ReadMemory at 0x7ff8ac8c0000 of 64 bytes failed: Only part of a ReadProcessMemory or WriteProcessMemory request was completed. (0x12B)
[1223/012137.607:WARNING:pe_image_reader.cc(340)] could not read dos header from C:\WINDOWS\SYSTEM32\SSPICLI.DLL
[1223/012137.607:ERROR:process_memory_win.cc(73)] ReadMemory at 0x7ff8a8da0000 of 64 bytes failed: Only part of a ReadProcessMemory or WriteProcessMemory request was completed. (0x12B)
[1223/012137.607:WARNING:pe_image_reader.cc(340)] could not read dos header from C:\WINDOWS\SYSTEM32\dbgcore.DLL
[1223/012137.607:ERROR:process_memory_win.cc(73)] ReadMemory at 0x7ff8adf20000 of 64 bytes failed: Only part of a ReadProcessMemory or WriteProcessMemory request was completed. (0x12B)
[1223/012137.607:WARNING:pe_image_reader.cc(340)] could not read dos header from C:\WINDOWS\System32\SHELL32.dll
[1223/012137.607:ERROR:process_memory_win.cc(73)] ReadMemory at 0x7ff8ad430000 of 64 bytes failed: Only part of a ReadProcessMemory or WriteProcessMemory request was completed. (0x12B)
[1223/012137.607:WARNING:pe_image_reader.cc(340)] could not read dos header from C:\WINDOWS\System32\windows.storage.dll
[1223/012137.607:ERROR:process_memory_win.cc(73)] ReadMemory at 0x7ff8aca00000 of 64 bytes failed: Only part of a ReadProcessMemory or WriteProcessMemory request was completed. (0x12B)
[1223/012137.607:WARNING:pe_image_reader.cc(340)] could not read dos header from C:\WINDOWS\System32\powrprof.dll
[1223/012137.607:ERROR:process_memory_win.cc(73)] ReadMemory at 0x7ff8ac9d0000 of 64 bytes failed: Only part of a ReadProcessMemory or WriteProcessMemory request was completed. (0x12B)
[1223/012137.607:WARNING:pe_image_reader.cc(340)] could not read dos header from C:\WINDOWS\System32\UMPDC.dll
[1223/012137.607:ERROR:process_memory_win.cc(73)] ReadMemory at 0x7ff8ae630000 of 64 bytes failed: Only part of a ReadProcessMemory or WriteProcessMemory request was completed. (0x12B)
[1223/012137.607:WARNING:pe_image_reader.cc(340)] could not read dos header from C:\WINDOWS\System32\shlwapi.dll
[1223/012137.608:ERROR:process_memory_win.cc(73)] ReadMemory at 0x7ff8ad010000 of 64 bytes failed: Only part of a ReadProcessMemory or WriteProcessMemory request was completed. (0x12B)
[1223/012137.608:WARNING:pe_image_reader.cc(340)] could not read dos header from C:\WINDOWS\System32\cryptsp.dll
[1223/012137.608:ERROR:process_memory_win.cc(73)] ReadMemory at 0x7ff8ac410000 of 64 bytes failed: Only part of a ReadProcessMemory or WriteProcessMemory request was completed. (0x12B)
[1223/012137.608:WARNING:pe_image_reader.cc(340)] could not read dos header from C:\WINDOWS\SYSTEM32\CRYPTBASE.DLL
[1223/012137.608:ERROR:process_memory_win.cc(73)] ReadMemory at 0x7ff8a4e60000 of 64 bytes failed: Only part of a ReadProcessMemory or WriteProcessMemory request was completed. (0x12B)
[1223/012137.608:WARNING:pe_image_reader.cc(340)] could not read dos header from C:\WINDOWS\system32\NLAapi.dll
[1223/012137.608:ERROR:process_memory_win.cc(73)] ReadMemory at 0x7ff8a8130000 of 64 bytes failed: Only part of a ReadProcessMemory or WriteProcessMemory request was completed. (0x12B)
[1223/012137.608:WARNING:pe_image_reader.cc(340)] could not read dos header from C:\WINDOWS\SYSTEM32\dhcpcsvc6.DLL
[1223/012137.608:ERROR:process_memory_win.cc(73)] ReadMemory at 0x7ff8abf90000 of 64 bytes failed: Only part of a ReadProcessMemory or WriteProcessMemory request was completed. (0x12B)
[1223/012137.608:WARNING:pe_image_reader.cc(340)] could not read dos header from C:\WINDOWS\SYSTEM32\DNSAPI.dll
[1223/012137.608:ERROR:process_memory_win.cc(73)] ReadMemory at 0x7ff8ac240000 of 64 bytes failed: Only part of a ReadProcessMemory or WriteProcessMemory request was completed. (0x12B)
[1223/012137.608:WARNING:pe_image_reader.cc(340)] could not read dos header from C:\WINDOWS\system32\mswsock.dll
[1223/012137.608:ERROR:process_memory_win.cc(73)] ReadMemory at 0x7ff8a1f10000 of 64 bytes failed: Only part of a ReadProcessMemory or WriteProcessMemory request was completed. (0x12B)
[1223/012137.608:WARNING:pe_image_reader.cc(340)] could not read dos header from C:\Windows\System32\rasadhlp.dll
[1223/012137.608:ERROR:process_memory_win.cc(73)] ReadMemory at 0x7ff8a6ff0000 of 64 bytes failed: Only part of a ReadProcessMemory or WriteProcessMemory request was completed. (0x12B)
[1223/012137.608:WARNING:pe_image_reader.cc(340)] could not read dos header from C:\WINDOWS\System32\fwpuclnt.dll
[1223/012137.608:ERROR:process_memory_win.cc(73)] ReadMemory at 0x7ff8abdb0000 of 64 bytes failed: Only part of a ReadProcessMemory or WriteProcessMemory request was completed. (0x12B)
[1223/012137.608:WARNING:pe_image_reader.cc(340)] could not read dos header from C:\WINDOWS\system32\rsaenh.dll
[1223/012137.608:ERROR:process_memory_win.cc(73)] ReadMemory at 0x7ff8ab5f0000 of 64 bytes failed: Only part of a ReadProcessMemory or WriteProcessMemory request was completed. (0x12B)
[1223/012137.608:WARNING:pe_image_reader.cc(340)] could not read dos header from C:\WINDOWS\SYSTEM32\gpapi.dll
[1223/012137.608:ERROR:process_memory_win.cc(73)] ReadMemory at 0x7ff88fc70000 of 64 bytes failed: Only part of a ReadProcessMemory or WriteProcessMemory request was completed. (0x12B)
[1223/012137.608:WARNING:pe_image_reader.cc(340)] could not read dos header from C:\Windows\System32\cryptnet.dll
[1223/012137.608:ERROR:process_memory_win.cc(73)] ReadMemory at 0x7ff8a7800000 of 64 bytes failed: Only part of a ReadProcessMemory or WriteProcessMemory request was completed. (0x12B)
[1223/012137.608:WARNING:pe_image_reader.cc(340)] could not read dos header from C:\WINDOWS\SYSTEM32\WINNSI.DLL
[1223/012137.608:ERROR:process_memory_win.cc(73)] ReadMemory at 0x7ff8abdf0000 of 64 bytes failed: Only part of a ReadProcessMemory or WriteProcessMemory request was completed. (0x12B)
[1223/012137.608:WARNING:pe_image_reader.cc(340)] could not read dos header from C:\WINDOWS\System32\DPAPI.dll
[1223/012137.608:ERROR:process_memory_win.cc(73)] ReadMemory at 0x7ff8abb40000 of 64 bytes failed: Only part of a ReadProcessMemory or WriteProcessMemory request was completed. (0x12B)
[1223/012137.608:WARNING:pe_image_reader.cc(340)] could not read dos header from C:\WINDOWS\SYSTEM32\ntmarta.dll
[1223/012137.609:ERROR:process_memory_win.cc(73)] ReadMemory at 0x7ff71f6e0000 of 64 bytes failed: Only part of a ReadProcessMemory or WriteProcessMemory request was completed. (0x12B)
[1223/012137.609:WARNING:pe_image_reader.cc(340)] could not read dos header from C:\Program Files (x86)\Google\Chrome\Application\chrome.exe
[1223/012137.609:ERROR:process_memory_win.cc(73)] ReadMemory at 0x7ff8afb00000 of 64 bytes failed: Only part of a ReadProcessMemory or WriteProcessMemory request was completed. (0x12B)
[1223/012137.609:WARNING:pe_image_reader.cc(340)] could not read dos header from C:\WINDOWS\SYSTEM32\ntdll.dll
[1223/012137.609:ERROR:process_memory_win.cc(73)] ReadMemory at 0x7ff8ae9a0000 of 64 bytes failed: Only part of a ReadProcessMemory or WriteProcessMemory request was completed. (0x12B)
[1223/012137.609:WARNING:pe_image_reader.cc(340)] could not read dos header from C:\WINDOWS\System32\KERNEL32.DLL
[1223/012137.609:ERROR:process_memory_win.cc(73)] ReadMemory at 0x7ff8aca90000 of 64 bytes failed: Only part of a ReadProcessMemory or WriteProcessMemory request was completed. (0x12B)
[1223/012137.609:WARNING:pe_image_reader.cc(340)] could not read dos header from C:\WINDOWS\System32\KERNELBASE.dll
[1223/012137.609:ERROR:process_memory_win.cc(73)] ReadMemory at 0x7ff88fca0000 of 64 bytes failed: Only part of a ReadProcessMemory or WriteProcessMemory request was completed. (0x12B)
[1223/012137.609:WARNING:pe_image_reader.cc(340)] could not read dos header from C:\WINDOWS\system32\ctiuser.dll
[1223/012137.609:ERROR:process_memory_win.cc(73)] ReadMemory at 0x7ff8afa50000 of 64 bytes failed: Only part of a ReadProcessMemory or WriteProcessMemory request was completed. (0x12B)
[1223/012137.609:WARNING:pe_image_reader.cc(340)] could not read dos header from C:\WINDOWS\System32\WS2_32.dll
[1223/012137.609:ERROR:process_memory_win.cc(73)] ReadMemory at 0x7ff8af570000 of 64 bytes failed: Only part of a ReadProcessMemory or WriteProcessMemory request was completed. (0x12B)
[1223/012137.609:WARNING:pe_image_reader.cc(340)] could not read dos header from C:\WINDOWS\System32\RPCRT4.dll
[1223/012137.609:ERROR:process_memory_win.cc(73)] ReadMemory at 0x7ff8adbb0000 of 64 bytes failed: Only part of a ReadProcessMemory or WriteProcessMemory request was completed. (0x12B)
[1223/012137.609:WARNING:pe_image_reader.cc(340)] could not read dos header from C:\WINDOWS\System32\PSAPI.DLL
[1223/012137.609:ERROR:process_memory_win.cc(73)] ReadMemory at 0x7ff8aeac0000 of 64 bytes failed: Only part of a ReadProcessMemory or WriteProcessMemory request was completed. (0x12B)
[1223/012137.609:WARNING:pe_image_reader.cc(340)] could not read dos header from C:\WINDOWS\System32\USER32.dll
[1223/012137.609:ERROR:process_memory_win.cc(73)] ReadMemory at 0x7ff8ad1c0000 of 64 bytes failed: Only part of a ReadProcessMemory or WriteProcessMemory request was completed. (0x12B)
[1223/012137.609:WARNING:pe_image_reader.cc(340)] could not read dos header from C:\WINDOWS\System32\win32u.dll
[1223/012137.609:ERROR:process_memory_win.cc(73)] ReadMemory at 0x7ff8af690000 of 64 bytes failed: Only part of a ReadProcessMemory or WriteProcessMemory request was completed. (0x12B)
[1223/012137.609:WARNING:pe_image_reader.cc(340)] could not read dos header from C:\WINDOWS\System32\GDI32.dll
[1223/012137.609:ERROR:process_memory_win.cc(73)] ReadMemory at 0x7ff8ad1f0000 of 64 bytes failed: Only part of a ReadProcessMemory or WriteProcessMemory request was completed. (0x12B)
[1223/012137.609:WARNING:pe_image_reader.cc(340)] could not read dos header from C:\WINDOWS\System32\gdi32full.dll
[1223/012137.609:ERROR:process_memory_win.cc(73)] ReadMemory at 0x7ff8ad390000 of 64 bytes failed: Only part of a ReadProcessMemory or WriteProcessMemory request was completed. (0x12B)
[1223/012137.609:WARNING:pe_image_reader.cc(340)] could not read dos header from C:\WINDOWS\System32\msvcp_win.dll
[1223/012137.609:ERROR:process_memory_win.cc(73)] ReadMemory at 0x7ff8acd40000 of 64 bytes failed: Only part of a ReadProcessMemory or WriteProcessMemory request was completed. (0x12B)
[1223/012137.609:WARNING:pe_image_reader.cc(340)] could not read dos header from C:\WINDOWS\System32\ucrtbase.dll
[1223/012137.609:ERROR:process_memory_win.cc(73)] ReadMemory at 0x7ff899760000 of 64 bytes failed: Only part of a ReadProcessMemory or WriteProcessMemory request was completed. (0x12B)
[1223/012137.609:WARNING:pe_image_reader.cc(340)] could not read dos header from C:\WINDOWS\SYSTEM32\FLTLIB.DLL
[1223/012137.610:ERROR:process_memory_win.cc(73)] ReadMemory at 0x7ff8af6c0000 of 64 bytes failed: Only part of a ReadProcessMemory or WriteProcessMemory request was completed. (0x12B)
[1223/012137.610:WARNING:pe_image_reader.cc(340)] could not read dos header from C:\WINDOWS\System32\ADVAPI32.dll
[1223/012137.610:ERROR:process_memory_win.cc(73)] ReadMemory at 0x7ff8af9b0000 of 64 bytes failed: Only part of a ReadProcessMemory or WriteProcessMemory request was completed. (0x12B)
[1223/012137.610:WARNING:pe_image_reader.cc(340)] could not read dos header from C:\WINDOWS\System32\msvcrt.dll
[1223/012137.610:ERROR:process_memory_win.cc(73)] ReadMemory at 0x7ff8aefe0000 of 64 bytes failed: Only part of a ReadProcessMemory or WriteProcessMemory request was completed. (0x12B)
[1223/012137.610:WARNING:pe_image_reader.cc(340)] could not read dos header from C:\WINDOWS\System32\sechost.dll
[1223/012137.610:ERROR:process_memory_win.cc(73)] ReadMemory at 0x7ff86e1f0000 of 64 bytes failed: Only part of a ReadProcessMemory or WriteProcessMemory request was completed. (0x12B)
[1223/012137.610:WARNING:pe_image_reader.cc(340)] could not read dos header from C:\Program Files (x86)\Google\Chrome\Application\79.0.3945.88\chrome_elf.dll
[1223/012137.610:ERROR:process_memory_win.cc(73)] ReadMemory at 0x7ff8a5220000 of 64 bytes failed: Only part of a ReadProcessMemory or WriteProcessMemory request was completed. (0x12B)
[1223/012137.610:WARNING:pe_image_reader.cc(340)] could not read dos header from C:\WINDOWS\SYSTEM32\VERSION.dll
[1223/012137.610:ERROR:process_memory_win.cc(73)] ReadMemory at 0x7ff8aec70000 of 64 bytes failed: Only part of a ReadProcessMemory or WriteProcessMemory request was completed. (0x12B)
[1223/012137.610:WARNING:pe_image_reader.cc(340)] could not read dos header from C:\WINDOWS\System32\IMM32.DLL
[1223/012137.610:ERROR:process_memory_win.cc(73)] ReadMemory at 0x7ff8acf90000 of 64 bytes failed: Only part of a ReadProcessMemory or WriteProcessMemory request was completed. (0x12B)
[1223/012137.610:WARNING:pe_image_reader.cc(340)] could not read dos header from C:\WINDOWS\System32\bcryptPrimitives.dll
[1223/012137.610:ERROR:process_memory_win.cc(73)] ReadMemory at 0x7ff8199f0000 of 64 bytes failed: Only part of a ReadProcessMemory or WriteProcessMemory request was completed. (0x12B)
[1223/012137.610:WARNING:pe_image_reader.cc(340)] could not read dos header from C:\Program Files (x86)\Google\Chrome\Application\79.0.3945.88\chrome_child.dll
[1223/012137.610:ERROR:process_memory_win.cc(73)] ReadMemory at 0x7ff8adbc0000 of 64 bytes failed: Only part of a ReadProcessMemory or WriteProcessMemory request was completed. (0x12B)
[1223/012137.610:WARNING:pe_image_reader.cc(340)] could not read dos header from C:\WINDOWS\System32\OLEAUT32.dll
[1223/012137.610:ERROR:process_memory_win.cc(73)] ReadMemory at 0x7ff8aeca0000 of 64 bytes failed: Only part of a ReadProcessMemory or WriteProcessMemory request was completed. (0x12B)
[1223/012137.610:WARNING:pe_image_reader.cc(340)] could not read dos header from C:\WINDOWS\System32\combase.dll
[1223/012137.610:ERROR:process_memory_win.cc(73)] ReadMemory at 0x7ff8ad160000 of 64 bytes failed: Only part of a ReadProcessMemory or WriteProcessMemory request was completed. (0x12B)
[1223/012137.610:WARNING:pe_image_reader.cc(340)] could not read dos header from C:\WINDOWS\System32\WINTRUST.dll
[1223/012137.610:ERROR:process_memory_win.cc(73)] ReadMemory at 0x7ff8ac9e0000 of 64 bytes failed: Only part of a ReadProcessMemory or WriteProcessMemory request was completed. (0x12B)
[1223/012137.610:WARNING:pe_image_reader.cc(340)] could not read dos header from C:\WINDOWS\System32\MSASN1.dll
[1223/012137.610:ERROR:process_memory_win.cc(73)] ReadMemory at 0x7ff8ace40000 of 64 bytes failed: Only part of a ReadProcessMemory or WriteProcessMemory request was completed. (0x12B)
[1223/012137.610:WARNING:pe_image_reader.cc(340)] could not read dos header from C:\WINDOWS\System32\CRYPT32.dll
[1223/012137.610:ERROR:process_memory_win.cc(73)] ReadMemory at 0x7ff8abf50000 of 64 bytes failed: Only part of a ReadProcessMemory or WriteProcessMemory request was completed. (0x12B)
[1223/012137.610:WARNING:pe_image_reader.cc(340)] could not read dos header from C:\WINDOWS\SYSTEM32\IPHLPAPI.DLL
[1223/012137.610:ERROR:process_memory_win.cc(73)] ReadMemory at 0x7ff8a05c0000 of 64 bytes failed: Only part of a ReadProcessMemory or WriteProcessMemory request was completed. (0x12B)
[1223/012137.610:WARNING:pe_image_reader.cc(340)] could not read dos header from C:\WINDOWS\SYSTEM32\WINMM.dll
[1223/012137.611:ERROR:process_memory_win.cc(73)] ReadMemory at 0x7ff8ac8f0000 of 64 bytes failed: Only part of a ReadProcessMemory or WriteProcessMemory request was completed. (0x12B)
[1223/012137.611:WARNING:pe_image_reader.cc(340)] could not read dos header from C:\WINDOWS\SYSTEM32\USERENV.dll
[1223/012137.611:ERROR:process_memory_win.cc(73)] ReadMemory at 0x7ff8aca70000 of 64 bytes failed: Only part of a ReadProcessMemory or WriteProcessMemory request was completed. (0x12B)
[1223/012137.611:WARNING:pe_image_reader.cc(340)] could not read dos header from C:\WINDOWS\System32\profapi.dll
[1223/012137.611:ERROR:process_memory_win.cc(73)] ReadMemory at 0x7ff8a8a30000 of 64 bytes failed: Only part of a ReadProcessMemory or WriteProcessMemory request was completed. (0x12B)
[1223/012137.611:WARNING:pe_image_reader.cc(340)] could not read dos header from C:\WINDOWS\SYSTEM32\DWrite.dll
[1223/012137.611:ERROR:process_memory_win.cc(73)] ReadMemory at 0x7ff89e140000 of 64 bytes failed: Only part of a ReadProcessMemory or WriteProcessMemory request was completed. (0x12B)
[1223/012137.611:WARNING:pe_image_reader.cc(340)] could not read dos header from C:\WINDOWS\SYSTEM32\WINSPOOL.DRV
[1223/012137.611:ERROR:process_memory_win.cc(73)] ReadMemory at 0x7ff8aca50000 of 64 bytes failed: Only part of a ReadProcessMemory or WriteProcessMemory request was completed. (0x12B)
[1223/012137.611:WARNING:pe_image_reader.cc(340)] could not read dos header from C:\WINDOWS\System32\kernel.appcore.dll
[1223/012137.611:ERROR:process_memory_win.cc(73)] ReadMemory at 0x7ff8ad030000 of 64 bytes failed: Only part of a ReadProcessMemory or WriteProcessMemory request was completed. (0x12B)
[1223/012137.611:WARNING:pe_image_reader.cc(340)] could not read dos header from C:\WINDOWS\System32\bcrypt.dll
[1223/012137.611:ERROR:process_memory_win.cc(73)] ReadMemory at 0x7ff8ab300000 of 64 bytes failed: Only part of a ReadProcessMemory or WriteProcessMemory request was completed. (0x12B)
[1223/012137.611:WARNING:pe_image_reader.cc(340)] could not read dos header from C:\WINDOWS\SYSTEM32\dbghelp.dll
[1223/012137.611:ERROR:process_memory_win.cc(73)] ReadMemory at 0x7ff8a1c90000 of 64 bytes failed: Only part of a ReadProcessMemory or WriteProcessMemory request was completed. (0x12B)
[1223/012137.611:WARNING:pe_image_reader.cc(340)] could not read dos header from C:\WINDOWS\SYSTEM32\Secur32.dll
[1223/012137.611:ERROR:process_memory_win.cc(73)] ReadMemory at 0x7ff8a9ff0000 of 64 bytes failed: Only part of a ReadProcessMemory or WriteProcessMemory request was completed. (0x12B)
[1223/012137.611:WARNING:pe_image_reader.cc(340)] could not read dos header from C:\WINDOWS\SYSTEM32\WINHTTP.dll
[1223/012137.611:ERROR:process_memory_win.cc(73)] ReadMemory at 0x7ff8a8110000 of 64 bytes failed: Only part of a ReadProcessMemory or WriteProcessMemory request was completed. (0x12B)
[1223/012137.611:WARNING:pe_image_reader.cc(340)] could not read dos header from C:\WINDOWS\SYSTEM32\dhcpcsvc.DLL
[1223/012137.611:ERROR:process_memory_win.cc(73)] ReadMemory at 0x7ff8af7f0000 of 64 bytes failed: Only part of a ReadProcessMemory or WriteProcessMemory request was completed. (0x12B)
[1223/012137.611:WARNING:pe_image_reader.cc(340)] could not read dos header from C:\WINDOWS\System32\NSI.dll
[1223/012137.611:ERROR:process_memory_win.cc(73)] ReadMemory at 0x7ff8a0590000 of 64 bytes failed: Only part of a ReadProcessMemory or WriteProcessMemory request was completed. (0x12B)
[1223/012137.611:WARNING:pe_image_reader.cc(340)] could not read dos header from C:\WINDOWS\SYSTEM32\WINMMBASE.dll
[1223/012137.611:ERROR:process_memory_win.cc(73)] ReadMemory at 0x7ff8ad060000 of 64 bytes failed: Only part of a ReadProcessMemory or WriteProcessMemory request was completed. (0x12B)
[1223/012137.611:WARNING:pe_image_reader.cc(340)] could not read dos header from C:\WINDOWS\System32\cfgmgr32.dll
[1223/012137.611:ERROR:process_memory_win.cc(73)] ReadMemory at 0x7ff8aa710000 of 64 bytes failed: Only part of a ReadProcessMemory or WriteProcessMemory request was completed. (0x12B)
[1223/012137.611:WARNING:pe_image_reader.cc(340)] could not read dos header from C:\WINDOWS\SYSTEM32\PROPSYS.dll
[1223/012137.611:ERROR:process_memory_win.cc(73)] ReadMemory at 0x7ff8ae8f0000 of 64 bytes failed: Only part of a ReadProcessMemory or WriteProcessMemory request was completed. (0x12B)
[1223/012137.612:WARNING:pe_image_reader.cc(340)] could not read dos header from C:\WINDOWS\System32\shcore.dll
[1223/012137.612:ERROR:process_memory_win.cc(73)] ReadMemory at 0x7ff8ac8c0000 of 64 bytes failed: Only part of a ReadProcessMemory or WriteProcessMemory request was completed. (0x12B)
[1223/012137.612:WARNING:pe_image_reader.cc(340)] could not read dos header from C:\WINDOWS\SYSTEM32\SSPICLI.DLL
[1223/012137.612:ERROR:process_memory_win.cc(73)] ReadMemory at 0x7ff8a8da0000 of 64 bytes failed: Only part of a ReadProcessMemory or WriteProcessMemory request was completed. (0x12B)
[1223/012137.612:WARNING:pe_image_reader.cc(340)] could not read dos header from C:\WINDOWS\SYSTEM32\dbgcore.DLL
[1223/012137.612:ERROR:process_memory_win.cc(73)] ReadMemory at 0x7ff8adf20000 of 64 bytes failed: Only part of a ReadProcessMemory or WriteProcessMemory request was completed. (0x12B)
[1223/012137.612:WARNING:pe_image_reader.cc(340)] could not read dos header from C:\WINDOWS\System32\SHELL32.dll
[1223/012137.612:ERROR:process_memory_win.cc(73)] ReadMemory at 0x7ff8ad430000 of 64 bytes failed: Only part of a ReadProcessMemory or WriteProcessMemory request was completed. (0x12B)
[1223/012137.612:WARNING:pe_image_reader.cc(340)] could not read dos header from C:\WINDOWS\System32\windows.storage.dll
[1223/012137.612:ERROR:process_memory_win.cc(73)] ReadMemory at 0x7ff8aca00000 of 64 bytes failed: Only part of a ReadProcessMemory or WriteProcessMemory request was completed. (0x12B)
[1223/012137.612:WARNING:pe_image_reader.cc(340)] could not read dos header from C:\WINDOWS\System32\powrprof.dll
[1223/012137.612:ERROR:process_memory_win.cc(73)] ReadMemory at 0x7ff8ac9d0000 of 64 bytes failed: Only part of a ReadProcessMemory or WriteProcessMemory request was completed. (0x12B)
[1223/012137.612:WARNING:pe_image_reader.cc(340)] could not read dos header from C:\WINDOWS\System32\UMPDC.dll
[1223/012137.612:ERROR:process_memory_win.cc(73)] ReadMemory at 0x7ff8ae630000 of 64 bytes failed: Only part of a ReadProcessMemory or WriteProcessMemory request was completed. (0x12B)
[1223/012137.612:WARNING:pe_image_reader.cc(340)] could not read dos header from C:\WINDOWS\System32\shlwapi.dll
[1223/012137.612:ERROR:process_memory_win.cc(73)] ReadMemory at 0x7ff8ad010000 of 64 bytes failed: Only part of a ReadProcessMemory or WriteProcessMemory request was completed. (0x12B)
[1223/012137.612:WARNING:pe_image_reader.cc(340)] could not read dos header from C:\WINDOWS\System32\cryptsp.dll
[1223/012137.612:ERROR:process_memory_win.cc(73)] ReadMemory at 0x7ff8ac410000 of 64 bytes failed: Only part of a ReadProcessMemory or WriteProcessMemory request was completed. (0x12B)
[1223/012137.612:WARNING:pe_image_reader.cc(340)] could not read dos header from C:\WINDOWS\SYSTEM32\CRYPTBASE.DLL
[1223/012137.612:ERROR:process_memory_win.cc(73)] ReadMemory at 0x7ff8a4e60000 of 64 bytes failed: Only part of a ReadProcessMemory or WriteProcessMemory request was completed. (0x12B)
[1223/012137.612:WARNING:pe_image_reader.cc(340)] could not read dos header from C:\WINDOWS\system32\NLAapi.dll
[1223/012137.612:ERROR:process_memory_win.cc(73)] ReadMemory at 0x7ff8a8130000 of 64 bytes failed: Only part of a ReadProcessMemory or WriteProcessMemory request was completed. (0x12B)
[1223/012137.612:WARNING:pe_image_reader.cc(340)] could not read dos header from C:\WINDOWS\SYSTEM32\dhcpcsvc6.DLL
[1223/012137.612:ERROR:process_memory_win.cc(73)] ReadMemory at 0x7ff8abf90000 of 64 bytes failed: Only part of a ReadProcessMemory or WriteProcessMemory request was completed. (0x12B)
[1223/012137.612:WARNING:pe_image_reader.cc(340)] could not read dos header from C:\WINDOWS\SYSTEM32\DNSAPI.dll
[1223/012137.612:ERROR:process_memory_win.cc(73)] ReadMemory at 0x7ff8ac240000 of 64 bytes failed: Only part of a ReadProcessMemory or WriteProcessMemory request was completed. (0x12B)
[1223/012137.612:WARNING:pe_image_reader.cc(340)] could not read dos header from C:\WINDOWS\system32\mswsock.dll
[1223/012137.612:ERROR:process_memory_win.cc(73)] ReadMemory at 0x7ff8a1f10000 of 64 bytes failed: Only part of a ReadProcessMemory or WriteProcessMemory request was completed. (0x12B)
[1223/012137.613:WARNING:pe_image_reader.cc(340)] could not read dos header from C:\Windows\System32\rasadhlp.dll
[1223/012137.613:ERROR:process_memory_win.cc(73)] ReadMemory at 0x7ff8a6ff0000 of 64 bytes failed: Only part of a ReadProcessMemory or WriteProcessMemory request was completed. (0x12B)
[1223/012137.613:WARNING:pe_image_reader.cc(340)] could not read dos header from C:\WINDOWS\System32\fwpuclnt.dll
[1223/012137.613:ERROR:process_memory_win.cc(73)] ReadMemory at 0x7ff8abdb0000 of 64 bytes failed: Only part of a ReadProcessMemory or WriteProcessMemory request was completed. (0x12B)
[1223/012137.613:WARNING:pe_image_reader.cc(340)] could not read dos header from C:\WINDOWS\system32\rsaenh.dll
[1223/012137.613:ERROR:process_memory_win.cc(73)] ReadMemory at 0x7ff8ab5f0000 of 64 bytes failed: Only part of a ReadProcessMemory or WriteProcessMemory request was completed. (0x12B)
[1223/012137.613:WARNING:pe_image_reader.cc(340)] could not read dos header from C:\WINDOWS\SYSTEM32\gpapi.dll
[1223/012137.613:ERROR:process_memory_win.cc(73)] ReadMemory at 0x7ff88fc70000 of 64 bytes failed: Only part of a ReadProcessMemory or WriteProcessMemory request was completed. (0x12B)
[1223/012137.613:WARNING:pe_image_reader.cc(340)] could not read dos header from C:\Windows\System32\cryptnet.dll
[1223/012137.613:ERROR:process_memory_win.cc(73)] ReadMemory at 0x7ff8a7800000 of 64 bytes failed: Only part of a ReadProcessMemory or WriteProcessMemory request was completed. (0x12B)
[1223/012137.613:WARNING:pe_image_reader.cc(340)] could not read dos header from C:\WINDOWS\SYSTEM32\WINNSI.DLL
[1223/012137.613:ERROR:process_memory_win.cc(73)] ReadMemory at 0x7ff8abdf0000 of 64 bytes failed: Only part of a ReadProcessMemory or WriteProcessMemory request was completed. (0x12B)
[1223/012137.613:WARNING:pe_image_reader.cc(340)] could not read dos header from C:\WINDOWS\System32\DPAPI.dll
[1223/012137.613:ERROR:process_memory_win.cc(73)] ReadMemory at 0x7ff8abb40000 of 64 bytes failed: Only part of a ReadProcessMemory or WriteProcessMemory request was completed. (0x12B)
[1223/012137.613:WARNING:pe_image_reader.cc(340)] could not read dos header from C:\WINDOWS\SYSTEM32\ntmarta.dll
[1223/012137.626:ERROR:process_memory_win.cc(73)] ReadMemory at 0x8fe8ffa000 of 24576 bytes failed: Only part of a ReadProcessMemory or WriteProcessMemory request was completed. (0x12B)
[1223/012137.626:ERROR:process_memory_win.cc(73)] ReadMemory at 0x8fe97fe000 of 8192 bytes failed: Only part of a ReadProcessMemory or WriteProcessMemory request was completed. (0x12B)
[1223/012137.626:ERROR:process_memory_win.cc(73)] ReadMemory at 0x8fe9ffe000 of 8192 bytes failed: Only part of a ReadProcessMemory or WriteProcessMemory request was completed. (0x12B)
[1223/012137.626:ERROR:process_memory_win.cc(73)] ReadMemory at 0x8fea7fe000 of 8192 bytes failed: Only part of a ReadProcessMemory or WriteProcessMemory request was completed. (0x12B)
[1223/012137.628:ERROR:process_memory_win.cc(73)] ReadMemory at 0x8feaffd000 of 12288 bytes failed: Only part of a ReadProcessMemory or WriteProcessMemory request was completed. (0x12B)
[1223/012137.628:ERROR:process_memory_win.cc(73)] ReadMemory at 0x8feb7fa000 of 24576 bytes failed: Only part of a ReadProcessMemory or WriteProcessMemory request was completed. (0x12B)
[1223/012137.628:ERROR:process_memory_win.cc(73)] ReadMemory at 0x8febffd000 of 12288 bytes failed: Only part of a ReadProcessMemory or WriteProcessMemory request was completed. (0x12B)
[1223/012137.628:ERROR:process_memory_win.cc(73)] ReadMemory at 0x8fec7f8000 of 32768 bytes failed: Only part of a ReadProcessMemory or WriteProcessMemory request was completed. (0x12B)
[1223/012137.628:ERROR:process_memory_win.cc(73)] ReadMemory at 0x8fecffd000 of 12288 bytes failed: Only part of a ReadProcessMemory or WriteProcessMemory request was completed. (0x12B)
[1223/012137.629:ERROR:process_memory_win.cc(73)] ReadMemory at 0x8fed7f9000 of 28672 bytes failed: Only part of a ReadProcessMemory or WriteProcessMemory request was completed. (0x12B)
[1223/012137.629:ERROR:process_memory_win.cc(73)] ReadMemory at 0x8fedffa000 of 24576 bytes failed: Only part of a ReadProcessMemory or WriteProcessMemory request was completed. (0x12B)
[1223/012137.629:ERROR:process_memory_win.cc(73)] ReadMemory at 0x8feeffe000 of 8192 bytes failed: Only part of a ReadProcessMemory or WriteProcessMemory request was completed. (0x12B)
[1223/012137.629:ERROR:process_memory_win.cc(73)] ReadMemory at 0x8fef7fe000 of 8192 bytes failed: Only part of a ReadProcessMemory or WriteProcessMemory request was completed. (0x12B)
[1223/012137.629:ERROR:process_memory_win.cc(73)] ReadMemory at 0x8fee7fd000 of 12288 bytes failed: Only part of a ReadProcessMemory or WriteProcessMemory request was completed. (0x12B)
[1223/012137.629:ERROR:process_memory_win.cc(73)] ReadMemory at 0x8ff07fb000 of 20480 bytes failed: Only part of a ReadProcessMemory or WriteProcessMemory request was completed. (0x12B)
[1223/012137.629:ERROR:process_memory_win.cc(73)] ReadMemory at 0x8ff0ffe000 of 8192 bytes failed: Only part of a ReadProcessMemory or WriteProcessMemory request was completed. (0x12B)
[1223/012137.629:ERROR:process_memory_win.cc(73)] ReadMemory at 0x8ff17fb000 of 20480 bytes failed: Only part of a ReadProcessMemory or WriteProcessMemory request was completed. (0x12B)
[1223/012137.630:ERROR:process_memory_win.cc(73)] ReadMemory at 0x8ff27f9000 of 28672 bytes failed: Only part of a ReadProcessMemory or WriteProcessMemory request was completed. (0x12B)
[1223/012137.630:ERROR:process_memory_win.cc(73)] ReadMemory at 0x8fe8670000 of 852 bytes failed: Only part of a ReadProcessMemory or WriteProcessMemory request was completed. (0x12B)
[1223/012137.630:ERROR:process_memory_win.cc(73)] ReadMemory at 0x8fe8671000 of 6024 bytes failed: Only part of a ReadProcessMemory or WriteProcessMemory request was completed. (0x12B)
[1223/012137.630:ERROR:process_memory_win.cc(73)] ReadMemory at 0x8fe8673000 of 6024 bytes failed: Only part of a ReadProcessMemory or WriteProcessMemory request was completed. (0x12B)
[1223/012137.630:ERROR:process_memory_win.cc(73)] ReadMemory at 0x8fe8675000 of 6024 bytes failed: Only part of a ReadProcessMemory or WriteProcessMemory request was completed. (0x12B)
[1223/012137.630:ERROR:process_memory_win.cc(73)] ReadMemory at 0x8fe8679000 of 6024 bytes failed: Only part of a ReadProcessMemory or WriteProcessMemory request was completed. (0x12B)
[1223/012137.631:ERROR:process_memory_win.cc(73)] ReadMemory at 0x8fe867b000 of 6024 bytes failed: Only part of a ReadProcessMemory or WriteProcessMemory request was completed. (0x12B)
[1223/012137.631:ERROR:process_memory_win.cc(73)] ReadMemory at 0x8fe867d000 of 6024 bytes failed: Only part of a ReadProcessMemory or WriteProcessMemory request was completed. (0x12B)
[1223/012137.631:ERROR:process_memory_win.cc(73)] ReadMemory at 0x8fe867f000 of 6024 bytes failed: Only part of a ReadProcessMemory or WriteProcessMemory request was completed. (0x12B)
[1223/012137.631:ERROR:process_memory_win.cc(73)] ReadMemory at 0x8fe8681000 of 6024 bytes failed: Only part of a ReadProcessMemory or WriteProcessMemory request was completed. (0x12B)
[1223/012137.631:ERROR:process_memory_win.cc(73)] ReadMemory at 0x8fe8683000 of 6024 bytes failed: Only part of a ReadProcessMemory or WriteProcessMemory request was completed. (0x12B)
[1223/012137.631:ERROR:process_memory_win.cc(73)] ReadMemory at 0x8fe8685000 of 6024 bytes failed: Only part of a ReadProcessMemory or WriteProcessMemory request was completed. (0x12B)
[1223/012137.631:ERROR:process_memory_win.cc(73)] ReadMemory at 0x8fe8687000 of 6024 bytes failed: Only part of a ReadProcessMemory or WriteProcessMemory request was completed. (0x12B)
[1223/012137.631:ERROR:process_memory_win.cc(73)] ReadMemory at 0x8fe868b000 of 6024 bytes failed: Only part of a ReadProcessMemory or WriteProcessMemory request was completed. (0x12B)
[1223/012137.632:ERROR:process_memory_win.cc(73)] ReadMemory at 0x8fe868d000 of 6024 bytes failed: Only part of a ReadProcessMemory or WriteProcessMemory request was completed. (0x12B)
[1223/012137.632:ERROR:process_memory_win.cc(73)] ReadMemory at 0x8fe868f000 of 6024 bytes failed: Only part of a ReadProcessMemory or WriteProcessMemory request was completed. (0x12B)
[1223/012137.632:ERROR:process_memory_win.cc(73)] ReadMemory at 0x8fe8693000 of 6024 bytes failed: Only part of a ReadProcessMemory or WriteProcessMemory request was completed. (0x12B)
[1223/012137.632:ERROR:process_memory_win.cc(73)] ReadMemory at 0x8fe8695000 of 6024 bytes failed: Only part of a ReadProcessMemory or WriteProcessMemory request was completed. (0x12B)
[1223/012137.632:ERROR:process_memory_win.cc(73)] ReadMemory at 0x8fe8697000 of 6024 bytes failed: Only part of a ReadProcessMemory or WriteProcessMemory request was completed. (0x12B)
[1223/012137.632:ERROR:process_memory_win.cc(73)] ReadMemory at 0x8fe869b000 of 6024 bytes failed: Only part of a ReadProcessMemory or WriteProcessMemory request was completed. (0x12B)
[1223/012137.632:ERROR:process_memory_win.cc(73)] ReadMemory at 0x23a800b5140 of 512 bytes failed: Only part of a ReadProcessMemory or WriteProcessMemory request was completed. (0x12B)
[1223/012137.632:ERROR:process_memory_win.cc(73)] ReadMemory at 0x23a800b5c80 of 512 bytes failed: Only part of a ReadProcessMemory or WriteProcessMemory request was completed. (0x12B)
[1223/012137.632:ERROR:process_memory_win.cc(73)] ReadMemory at 0x23a800c0ae8 of 512 bytes failed: Only part of a ReadProcessMemory or WriteProcessMemory request was completed. (0x12B)
[1223/012137.632:ERROR:process_memory_win.cc(73)] ReadMemory at 0x23a800c7d30 of 512 bytes failed: Only part of a ReadProcessMemory or WriteProcessMemory request was completed. (0x12B)
[1223/012137.633:ERROR:process_memory_win.cc(73)] ReadMemory at 0x23a8012e310 of 512 bytes failed: Only part of a ReadProcessMemory or WriteProcessMemory request was completed. (0x12B)
[1223/012137.633:ERROR:process_memory_win.cc(73)] ReadMemory at 0x23a801abf10 of 800 bytes failed: Only part of a ReadProcessMemory or WriteProcessMemory request was completed. (0x12B)
[1223/012137.633:ERROR:process_memory_win.cc(73)] ReadMemory at 0x23a81e47ff0 of 512 bytes failed: Only part of a ReadProcessMemory or WriteProcessMemory request was completed. (0x12B)
[1223/012137.633:ERROR:process_memory_win.cc(73)] ReadMemory at 0x23a820e4ff0 of 512 bytes failed: Only part of a ReadProcessMemory or WriteProcessMemory request was completed. (0x12B)
[1223/012137.633:ERROR:process_memory_win.cc(73)] ReadMemory at 0x23a826589c0 of 58 bytes failed: Only part of a ReadProcessMemory or WriteProcessMemory request was completed. (0x12B)
[1223/012137.633:ERROR:process_memory_win.cc(73)] ReadMemory at 0x23afbdd0750 of 156 bytes failed: Only part of a ReadProcessMemory or WriteProcessMemory request was completed. (0x12B)
[1223/012137.633:ERROR:process_memory_win.cc(73)] ReadMemory at 0x23afbdd0ad0 of 1016 bytes failed: Only part of a ReadProcessMemory or WriteProcessMemory request was completed. (0x12B)
[1223/012137.633:ERROR:process_memory_win.cc(73)] ReadMemory at 0x23afbdd0fe0 of 9156 bytes failed: Only part of a ReadProcessMemory or WriteProcessMemory request was completed. (0x12B)
[1223/012137.633:ERROR:process_memory_win.cc(73)] ReadMemory at 0x23afbdd33b0 of 1012 bytes failed: Only part of a ReadProcessMemory or WriteProcessMemory request was completed. (0x12B)
[1223/012137.633:ERROR:process_memory_win.cc(73)] ReadMemory at 0x23afbdd39f8 of 118 bytes failed: Only part of a ReadProcessMemory or WriteProcessMemory request was completed. (0x12B)
[1223/012137.633:ERROR:process_memory_win.cc(73)] ReadMemory at 0x23afbdd3a70 of 944 bytes failed: Only part of a ReadProcessMemory or WriteProcessMemory request was completed. (0x12B)
[1223/012137.633:ERROR:process_memory_win.cc(73)] ReadMemory at 0x23afbdd3e22 of 118 bytes failed: Only part of a ReadProcessMemory or WriteProcessMemory request was completed. (0x12B)
[1223/012137.634:ERROR:process_memory_win.cc(73)] ReadMemory at 0x23afbdd3e9a of 30 bytes failed: Only part of a ReadProcessMemory or WriteProcessMemory request was completed. (0x12B)
[1223/012137.634:ERROR:process_memory_win.cc(73)] ReadMemory at 0x23afbdd3ed0 of 58 bytes failed: Only part of a ReadProcessMemory or WriteProcessMemory request was completed. (0x12B)
[1223/012137.634:ERROR:process_memory_win.cc(73)] ReadMemory at 0x23afbdd3fd0 of 132 bytes failed: Only part of a ReadProcessMemory or WriteProcessMemory request was completed. (0x12B)
[1223/012137.634:ERROR:process_memory_win.cc(73)] ReadMemory at 0x23afbdd4160 of 132 bytes failed: Only part of a ReadProcessMemory or WriteProcessMemory request was completed. (0x12B)
[1223/012137.634:ERROR:process_memory_win.cc(73)] ReadMemory at 0x23afbdd4320 of 124 bytes failed: Only part of a ReadProcessMemory or WriteProcessMemory request was completed. (0x12B)
[1223/012137.634:ERROR:process_memory_win.cc(73)] ReadMemory at 0x23afbdd4670 of 62 bytes failed: Only part of a ReadProcessMemory or WriteProcessMemory request was completed. (0x12B)
[1223/012137.634:ERROR:process_memory_win.cc(73)] ReadMemory at 0x23afbdd4700 of 132 bytes failed: Only part of a ReadProcessMemory or WriteProcessMemory request was completed. (0x12B)
[1223/012137.634:ERROR:process_memory_win.cc(73)] ReadMemory at 0x23afbdd4860 of 512 bytes failed: Only part of a ReadProcessMemory or WriteProcessMemory request was completed. (0x12B)
[1223/012137.634:ERROR:process_memory_win.cc(73)] ReadMemory at 0x23afbdd4b98 of 512 bytes failed: Only part of a ReadProcessMemory or WriteProcessMemory request was completed. (0x12B)
[1223/012137.634:ERROR:process_memory_win.cc(73)] ReadMemory at 0x23afbdd4e80 of 68 bytes failed: Only part of a ReadProcessMemory or WriteProcessMemory request was completed. (0x12B)
[1223/012137.634:ERROR:process_memory_win.cc(73)] ReadMemory at 0x23afbdd5fd0 of 132 bytes failed: Only part of a ReadProcessMemory or WriteProcessMemory request was completed. (0x12B)
[1223/012137.634:ERROR:process_memory_win.cc(73)] ReadMemory at 0x23afbdd66d0 of 60 bytes failed: Only part of a ReadProcessMemory or WriteProcessMemory request was completed. (0x12B)
[1223/012137.634:ERROR:process_memory_win.cc(73)] ReadMemory at 0x23afbdd6b50 of 132 bytes failed: Only part of a ReadProcessMemory or WriteProcessMemory request was completed. (0x12B)
[1223/012137.634:ERROR:process_memory_win.cc(73)] ReadMemory at 0x23afbdd6ef0 of 132 bytes failed: Only part of a ReadProcessMemory or WriteProcessMemory request was completed. (0x12B)
[1223/012137.634:ERROR:process_memory_win.cc(73)] ReadMemory at 0x23afbdd7080 of 60 bytes failed: Only part of a ReadProcessMemory or WriteProcessMemory request was completed. (0x12B)
[1223/012137.635:ERROR:process_memory_win.cc(73)] ReadMemory at 0x23afbdd72c0 of 132 bytes failed: Only part of a ReadProcessMemory or WriteProcessMemory request was completed. (0x12B)
[1223/012137.635:ERROR:process_memory_win.cc(73)] ReadMemory at 0x23afbdd7450 of 58 bytes failed: Only part of a ReadProcessMemory or WriteProcessMemory request was completed. (0x12B)
[1223/012137.635:ERROR:process_memory_win.cc(73)] ReadMemory at 0x23afbdd74b0 of 512 bytes failed: Only part of a ReadProcessMemory or WriteProcessMemory request was completed. (0x12B)
[1223/012137.635:ERROR:process_memory_win.cc(73)] ReadMemory at 0x23afbdd7830 of 644 bytes failed: Only part of a ReadProcessMemory or WriteProcessMemory request was completed. (0x12B)
[1223/012137.635:ERROR:process_memory_win.cc(73)] ReadMemory at 0x23afbdd7cd0 of 132 bytes failed: Only part of a ReadProcessMemory or WriteProcessMemory request was completed. (0x12B)
[1223/012137.635:ERROR:process_memory_win.cc(73)] ReadMemory at 0x23afbdd7e60 of 60 bytes failed: Only part of a ReadProcessMemory or WriteProcessMemory request was completed. (0x12B)
[1223/012137.635:ERROR:process_memory_win.cc(73)] ReadMemory at 0x23afbdd8100 of 132 bytes failed: Only part of a ReadProcessMemory or WriteProcessMemory request was completed. (0x12B)
[1223/012137.635:ERROR:process_memory_win.cc(73)] ReadMemory at 0x23afbdd8290 of 60 bytes failed: Only part of a ReadProcessMemory or WriteProcessMemory request was completed. (0x12B)
[1223/012137.635:ERROR:process_memory_win.cc(73)] ReadMemory at 0x23afbdd8af0 of 132 bytes failed: Only part of a ReadProcessMemory or WriteProcessMemory request was completed. (0x12B)
[1223/012137.635:ERROR:process_memory_win.cc(73)] ReadMemory at 0x23afbdd9790 of 58 bytes failed: Only part of a ReadProcessMemory or WriteProcessMemory request was completed. (0x12B)
[1223/012137.635:ERROR:process_memory_win.cc(73)] ReadMemory at 0x23afbdd9820 of 60 bytes failed: Only part of a ReadProcessMemory or WriteProcessMemory request was completed. (0x12B)
[1223/012137.636:ERROR:process_memory_win.cc(73)] ReadMemory at 0x23afbddb6a0 of 132 bytes failed: Only part of a ReadProcessMemory or WriteProcessMemory request was completed. (0x12B)
[1223/012137.636:ERROR:process_memory_win.cc(73)] ReadMemory at 0x23afbddb8d0 of 62 bytes failed: Only part of a ReadProcessMemory or WriteProcessMemory request was completed. (0x12B)
[1223/012137.636:ERROR:process_memory_win.cc(73)] ReadMemory at 0x23afbddb970 of 62 bytes failed: Only part of a ReadProcessMemory or WriteProcessMemory request was completed. (0x12B)
[1223/012137.636:ERROR:process_memory_win.cc(73)] ReadMemory at 0x23afbddba60 of 60 bytes failed: Only part of a ReadProcessMemory or WriteProcessMemory request was completed. (0x12B)
[1223/012137.636:ERROR:process_memory_win.cc(73)] ReadMemory at 0x23afbddbab0 of 64 bytes failed: Only part of a ReadProcessMemory or WriteProcessMemory request was completed. (0x12B)
[1223/012137.636:ERROR:process_memory_win.cc(73)] ReadMemory at 0x23afbddbb50 of 66 bytes failed: Only part of a ReadProcessMemory or WriteProcessMemory request was completed. (0x12B)
[1223/012137.636:ERROR:process_memory_win.cc(73)] ReadMemory at 0x23afbddbbf0 of 66 bytes failed: Only part of a ReadProcessMemory or WriteProcessMemory request was completed. (0x12B)
[1223/012137.636:ERROR:process_memory_win.cc(73)] ReadMemory at 0x23afbddbc40 of 64 bytes failed: Only part of a ReadProcessMemory or WriteProcessMemory request was completed. (0x12B)
[1223/012137.636:ERROR:process_memory_win.cc(73)] ReadMemory at 0x23afbddbdd0 of 58 bytes failed: Only part of a ReadProcessMemory or WriteProcessMemory request was completed. (0x12B)
[1223/012137.636:ERROR:process_memory_win.cc(73)] ReadMemory at 0x23afbddc6b0 of 132 bytes failed: Only part of a ReadProcessMemory or WriteProcessMemory request was completed. (0x12B)
[1223/012137.636:ERROR:process_memory_win.cc(73)] ReadMemory at 0x23afbddc850 of 512 bytes failed: Only part of a ReadProcessMemory or WriteProcessMemory request was completed. (0x12B)
[1223/012137.636:ERROR:process_memory_win.cc(73)] ReadMemory at 0x23afbddcbd0 of 512 bytes failed: Only part of a ReadProcessMemory or WriteProcessMemory request was completed. (0x12B)
[1223/012137.637:ERROR:process_memory_win.cc(73)] ReadMemory at 0x23afbddce90 of 132 bytes failed: Only part of a ReadProcessMemory or WriteProcessMemory request was completed. (0x12B)
[1223/012137.637:ERROR:process_memory_win.cc(73)] ReadMemory at 0x23afbddde30 of 132 bytes failed: Only part of a ReadProcessMemory or WriteProcessMemory request was completed. (0x12B)
[1223/012137.637:ERROR:process_memory_win.cc(73)] ReadMemory at 0x23afbdde150 of 132 bytes failed: Only part of a ReadProcessMemory or WriteProcessMemory request was completed. (0x12B)
[1223/012137.637:ERROR:process_memory_win.cc(73)] ReadMemory at 0x23afbdde4a0 of 132 bytes failed: Only part of a ReadProcessMemory or WriteProcessMemory request was completed. (0x12B)
[1223/012137.637:ERROR:process_memory_win.cc(73)] ReadMemory at 0x23afbdde5d0 of 132 bytes failed: Only part of a ReadProcessMemory or WriteProcessMemory request was completed. (0x12B)
[1223/012137.637:ERROR:process_memory_win.cc(73)] ReadMemory at 0x23afbdde700 of 132 bytes failed: Only part of a ReadProcessMemory or WriteProcessMemory request was completed. (0x12B)
[1223/012137.637:ERROR:process_memory_win.cc(73)] ReadMemory at 0x23afbdde830 of 132 bytes failed: Only part of a ReadProcessMemory or WriteProcessMemory request was completed. (0x12B)
[1223/012137.637:ERROR:process_memory_win.cc(73)] ReadMemory at 0x23afbdde960 of 132 bytes failed: Only part of a ReadProcessMemory or WriteProcessMemory request was completed. (0x12B)
[1223/012137.637:ERROR:process_memory_win.cc(73)] ReadMemory at 0x23afbddea90 of 132 bytes failed: Only part of a ReadProcessMemory or WriteProcessMemory request was completed. (0x12B)
[1223/012137.637:ERROR:process_memory_win.cc(73)] ReadMemory at 0x23afbddebc0 of 132 bytes failed: Only part of a ReadProcessMemory or WriteProcessMemory request was completed. (0x12B)
[1223/012137.638:ERROR:process_memory_win.cc(73)] ReadMemory at 0x23afbddecf0 of 132 bytes failed: Only part of a ReadProcessMemory or WriteProcessMemory request was completed. (0x12B)
[1223/012137.638:ERROR:process_memory_win.cc(73)] ReadMemory at 0x23afbddee20 of 132 bytes failed: Only part of a ReadProcessMemory or WriteProcessMemory request was completed. (0x12B)
[1223/012137.638:ERROR:process_memory_win.cc(73)] ReadMemory at 0x23afbddef50 of 132 bytes failed: Only part of a ReadProcessMemory or WriteProcessMemory request was completed. (0x12B)
[1223/012137.638:ERROR:process_memory_win.cc(73)] ReadMemory at 0x23afbddf080 of 132 bytes failed: Only part of a ReadProcessMemory or WriteProcessMemory request was completed. (0x12B)
[1223/012137.638:ERROR:process_memory_win.cc(73)] ReadMemory at 0x23afbddf1b0 of 132 bytes failed: Only part of a ReadProcessMemory or WriteProcessMemory request was completed. (0x12B)
[1223/012137.638:ERROR:process_memory_win.cc(73)] ReadMemory at 0x23afbddf2e0 of 132 bytes failed: Only part of a ReadProcessMemory or WriteProcessMemory request was completed. (0x12B)
[1223/012137.638:ERROR:process_memory_win.cc(73)] ReadMemory at 0x23afbddf930 of 152 bytes failed: Only part of a ReadProcessMemory or WriteProcessMemory request was completed. (0x12B)
[1223/012137.638:ERROR:process_memory_win.cc(73)] ReadMemory at 0x23afbde8af0 of 54 bytes failed: Only part of a ReadProcessMemory or WriteProcessMemory request was completed. (0x12B)
[1223/012137.638:ERROR:process_memory_win.cc(73)] ReadMemory at 0x23afbde99c0 of 62 bytes failed: Only part of a ReadProcessMemory or WriteProcessMemory request was completed. (0x12B)
[1223/012137.638:ERROR:process_memory_win.cc(73)] ReadMemory at 0x23afbde9b50 of 60 bytes failed: Only part of a ReadProcessMemory or WriteProcessMemory request was completed. (0x12B)
[1223/012137.638:ERROR:process_memory_win.cc(73)] ReadMemory at 0x23afbde9bf0 of 64 bytes failed: Only part of a ReadProcessMemory or WriteProcessMemory request was completed. (0x12B)
[1223/012137.638:ERROR:process_memory_win.cc(73)] ReadMemory at 0x23afbde9c40 of 62 bytes failed: Only part of a ReadProcessMemory or WriteProcessMemory request was completed. (0x12B)
[1223/012137.638:ERROR:process_memory_win.cc(73)] ReadMemory at 0x23afbde9c90 of 66 bytes failed: Only part of a ReadProcessMemory or WriteProcessMemory request was completed. (0x12B)
[1223/012137.638:ERROR:process_memory_win.cc(73)] ReadMemory at 0x23afbde9e70 of 62 bytes failed: Only part of a ReadProcessMemory or WriteProcessMemory request was completed. (0x12B)
[1223/012137.638:ERROR:process_memory_win.cc(73)] ReadMemory at 0x23afbde9f10 of 58 bytes failed: Only part of a ReadProcessMemory or WriteProcessMemory request was completed. (0x12B)
[1223/012137.639:ERROR:process_memory_win.cc(73)] ReadMemory at 0x23afbde9f60 of 62 bytes failed: Only part of a ReadProcessMemory or WriteProcessMemory request was completed. (0x12B)
[1223/012137.639:ERROR:process_memory_win.cc(73)] ReadMemory at 0x23afbde9fb0 of 60 bytes failed: Only part of a ReadProcessMemory or WriteProcessMemory request was completed. (0x12B)
[1223/012137.639:ERROR:process_memory_win.cc(73)] ReadMemory at 0x23afbdea0a0 of 62 bytes failed: Only part of a ReadProcessMemory or WriteProcessMemory request was completed. (0x12B)
[1223/012137.639:ERROR:process_memory_win.cc(73)] ReadMemory at 0x23afbdea0f0 of 64 bytes failed: Only part of a ReadProcessMemory or WriteProcessMemory request was completed. (0x12B)
[1223/012137.639:ERROR:process_memory_win.cc(73)] ReadMemory at 0x23afbdea190 of 62 bytes failed: Only part of a ReadProcessMemory or WriteProcessMemory request was completed. (0x12B)
[1223/012137.639:ERROR:process_memory_win.cc(73)] ReadMemory at 0x23afbdea1e0 of 64 bytes failed: Only part of a ReadProcessMemory or WriteProcessMemory request was completed. (0x12B)
[1223/012137.639:ERROR:process_memory_win.cc(73)] ReadMemory at 0x23afbdea230 of 60 bytes failed: Only part of a ReadProcessMemory or WriteProcessMemory request was completed. (0x12B)
[1223/012137.639:ERROR:process_memory_win.cc(73)] ReadMemory at 0x23afbdea280 of 62 bytes failed: Only part of a ReadProcessMemory or WriteProcessMemory request was completed. (0x12B)
[1223/012137.639:ERROR:process_memory_win.cc(73)] ReadMemory at 0x23afbdea5f0 of 60 bytes failed: Only part of a ReadProcessMemory or WriteProcessMemory request was completed. (0x12B)
[1223/012137.639:ERROR:process_memory_win.cc(73)] ReadMemory at 0x23afbdea780 of 64 bytes failed: Only part of a ReadProcessMemory or WriteProcessMemory request was completed. (0x12B)
[1223/012137.639:ERROR:process_memory_win.cc(73)] ReadMemory at 0x23afbdea7d0 of 62 bytes failed: Only part of a ReadProcessMemory or WriteProcessMemory request was completed. (0x12B)
[1223/012137.639:ERROR:process_memory_win.cc(73)] ReadMemory at 0x23afbdea820 of 64 bytes failed: Only part of a ReadProcessMemory or WriteProcessMemory request was completed. (0x12B)
[1223/012137.639:ERROR:process_memory_win.cc(73)] ReadMemory at 0x23afbdea870 of 62 bytes failed: Only part of a ReadProcessMemory or WriteProcessMemory request was completed. (0x12B)
[1223/012137.639:ERROR:process_memory_win.cc(73)] ReadMemory at 0x23afbdea8c0 of 64 bytes failed: Only part of a ReadProcessMemory or WriteProcessMemory request was completed. (0x12B)
[1223/012137.640:ERROR:process_memory_win.cc(73)] ReadMemory at 0x23afbded910 of 76 bytes failed: Only part of a ReadProcessMemory or WriteProcessMemory request was completed. (0x12B)
[1223/012137.640:ERROR:process_memory_win.cc(73)] ReadMemory at 0x23afbdedc70 of 78 bytes failed: Only part of a ReadProcessMemory or WriteProcessMemory request was completed. (0x12B)
[1223/012137.640:ERROR:process_memory_win.cc(73)] ReadMemory at 0x23afbdede50 of 80 bytes failed: Only part of a ReadProcessMemory or WriteProcessMemory request was completed. (0x12B)
[1223/012137.640:ERROR:process_memory_win.cc(73)] ReadMemory at 0x23afbdf5830 of 132 bytes failed: Only part of a ReadProcessMemory or WriteProcessMemory request was completed. (0x12B)
[1223/012137.640:ERROR:process_memory_win.cc(73)] ReadMemory at 0x23afbdf5960 of 132 bytes failed: Only part of a ReadProcessMemory or WriteProcessMemory request was completed. (0x12B)
[1223/012137.640:ERROR:process_memory_win.cc(73)] ReadMemory at 0x23afbdf5a90 of 132 bytes failed: Only part of a ReadProcessMemory or WriteProcessMemory request was completed. (0x12B)
[1223/012137.640:ERROR:process_memory_win.cc(73)] ReadMemory at 0x23afbdf5bc0 of 132 bytes failed: Only part of a ReadProcessMemory or WriteProcessMemory request was completed. (0x12B)
[1223/012137.640:ERROR:process_memory_win.cc(73)] ReadMemory at 0x23afbdf5cf0 of 132 bytes failed: Only part of a ReadProcessMemory or WriteProcessMemory request was completed. (0x12B)
[1223/012137.640:ERROR:process_memory_win.cc(73)] ReadMemory at 0x23afbdf5e20 of 132 bytes failed: Only part of a ReadProcessMemory or WriteProcessMemory request was completed. (0x12B)
[1223/012137.640:ERROR:process_memory_win.cc(73)] ReadMemory at 0x23afbdf5f50 of 132 bytes failed: Only part of a ReadProcessMemory or WriteProcessMemory request was completed. (0x12B)
[1223/012137.640:ERROR:process_memory_win.cc(73)] ReadMemory at 0x23afbdf6080 of 132 bytes failed: Only part of a ReadProcessMemory or WriteProcessMemory request was completed. (0x12B)
[1223/012137.640:ERROR:process_memory_win.cc(73)] ReadMemory at 0x23afbdf61b0 of 132 bytes failed: Only part of a ReadProcessMemory or WriteProcessMemory request was completed. (0x12B)
[1223/012137.640:ERROR:process_memory_win.cc(73)] ReadMemory at 0x23afbdf62e0 of 132 bytes failed: Only part of a ReadProcessMemory or WriteProcessMemory request was completed. (0x12B)
[1223/012137.640:ERROR:process_memory_win.cc(73)] ReadMemory at 0x23afbdf6410 of 132 bytes failed: Only part of a ReadProcessMemory or WriteProcessMemory request was completed. (0x12B)
[1223/012137.640:ERROR:process_memory_win.cc(73)] ReadMemory at 0x23afbdf6540 of 132 bytes failed: Only part of a ReadProcessMemory or WriteProcessMemory request was completed. (0x12B)
[1223/012137.641:ERROR:process_memory_win.cc(73)] ReadMemory at 0x23afbdf6670 of 132 bytes failed: Only part of a ReadProcessMemory or WriteProcessMemory request was completed. (0x12B)
[1223/012137.641:ERROR:process_memory_win.cc(73)] ReadMemory at 0x23afbdf67a0 of 132 bytes failed: Only part of a ReadProcessMemory or WriteProcessMemory request was completed. (0x12B)
[1223/012137.641:ERROR:process_memory_win.cc(73)] ReadMemory at 0x23afbdf68d0 of 132 bytes failed: Only part of a ReadProcessMemory or WriteProcessMemory request was completed. (0x12B)
[1223/012137.641:ERROR:process_memory_win.cc(73)] ReadMemory at 0x23afbdf6a00 of 132 bytes failed: Only part of a ReadProcessMemory or WriteProcessMemory request was completed. (0x12B)
[1223/012137.641:ERROR:process_memory_win.cc(73)] ReadMemory at 0x23afbdf6b30 of 132 bytes failed: Only part of a ReadProcessMemory or WriteProcessMemory request was completed. (0x12B)
[1223/012137.641:ERROR:process_memory_win.cc(73)] ReadMemory at 0x23afbdf6c60 of 132 bytes failed: Only part of a ReadProcessMemory or WriteProcessMemory request was completed. (0x12B)
[1223/012137.641:ERROR:process_memory_win.cc(73)] ReadMemory at 0x23afbdf6d90 of 132 bytes failed: Only part of a ReadProcessMemory or WriteProcessMemory request was completed. (0x12B)
[1223/012137.641:ERROR:process_memory_win.cc(73)] ReadMemory at 0x23afbdf6ec0 of 132 bytes failed: Only part of a ReadProcessMemory or WriteProcessMemory request was completed. (0x12B)
[1223/012137.641:ERROR:process_memory_win.cc(73)] ReadMemory at 0x23afbdf6ff0 of 132 bytes failed: Only part of a ReadProcessMemory or WriteProcessMemory request was completed. (0x12B)
[1223/012137.641:ERROR:process_memory_win.cc(73)] ReadMemory at 0x23afbdf7120 of 132 bytes failed: Only part of a ReadProcessMemory or WriteProcessMemory request was completed. (0x12B)
[1223/012137.641:ERROR:process_memory_win.cc(73)] ReadMemory at 0x23afbdf7250 of 132 bytes failed: Only part of a ReadProcessMemory or WriteProcessMemory request was completed. (0x12B)
[1223/012137.641:ERROR:process_memory_win.cc(73)] ReadMemory at 0x23afbdf7380 of 132 bytes failed: Only part of a ReadProcessMemory or WriteProcessMemory request was completed. (0x12B)
[1223/012137.641:ERROR:process_memory_win.cc(73)] ReadMemory at 0x23afbdf74b0 of 132 bytes failed: Only part of a ReadProcessMemory or WriteProcessMemory request was completed. (0x12B)
[1223/012137.642:ERROR:process_memory_win.cc(73)] ReadMemory at 0x23afbdf75e0 of 132 bytes failed: Only part of a ReadProcessMemory or WriteProcessMemory request was completed. (0x12B)
[1223/012137.642:ERROR:process_memory_win.cc(73)] ReadMemory at 0x23afbdf9ce8 of 512 bytes failed: Only part of a ReadProcessMemory or WriteProcessMemory request was completed. (0x12B)
[1223/012137.642:ERROR:process_memory_win.cc(73)] ReadMemory at 0x23afbdf9f30 of 58 bytes failed: Only part of a ReadProcessMemory or WriteProcessMemory request was completed. (0x12B)
[1223/012137.642:ERROR:process_memory_win.cc(73)] ReadMemory at 0x23afbdf9fd0 of 62 bytes failed: Only part of a ReadProcessMemory or WriteProcessMemory request was completed. (0x12B)
[1223/012137.642:ERROR:process_memory_win.cc(73)] ReadMemory at 0x23afbdfa070 of 66 bytes failed: Only part of a ReadProcessMemory or WriteProcessMemory request was completed. (0x12B)
[1223/012137.642:ERROR:process_memory_win.cc(73)] ReadMemory at 0x23afbdfa660 of 66 bytes failed: Only part of a ReadProcessMemory or WriteProcessMemory request was completed. (0x12B)
[1223/012137.642:ERROR:process_memory_win.cc(73)] ReadMemory at 0x23afbdfa700 of 62 bytes failed: Only part of a ReadProcessMemory or WriteProcessMemory request was completed. (0x12B)
[1223/012137.642:ERROR:process_memory_win.cc(73)] ReadMemory at 0x23afbdfa9d0 of 64 bytes failed: Only part of a ReadProcessMemory or WriteProcessMemory request was completed. (0x12B)
[1223/012137.642:ERROR:process_memory_win.cc(73)] ReadMemory at 0x23afbdfaa20 of 62 bytes failed: Only part of a ReadProcessMemory or WriteProcessMemory request was completed. (0x12B)
[1223/012137.642:ERROR:process_memory_win.cc(73)] ReadMemory at 0x23afbe01910 of 512 bytes failed: Only part of a ReadProcessMemory or WriteProcessMemory request was completed. (0x12B)
[1223/012137.642:ERROR:process_memory_win.cc(73)] ReadMemory at 0x23afbe08980 of 512 bytes failed: Only part of a ReadProcessMemory or WriteProcessMemory request was completed. (0x12B)
[1223/012137.642:ERROR:process_memory_win.cc(73)] ReadMemory at 0x23afbe0ade0 of 512 bytes failed: Only part of a ReadProcessMemory or WriteProcessMemory request was completed. (0x12B)
[1223/012137.642:ERROR:process_memory_win.cc(73)] ReadMemory at 0x23afbe0b160 of 512 bytes failed: Only part of a ReadProcessMemory or WriteProcessMemory request was completed. (0x12B)
[1223/012137.642:ERROR:process_memory_win.cc(73)] ReadMemory at 0x23afbe14e30 of 512 bytes failed: Only part of a ReadProcessMemory or WriteProcessMemory request was completed. (0x12B)
[1223/012137.643:ERROR:process_memory_win.cc(73)] ReadMemory at 0x23afbe1a010 of 60 bytes failed: Only part of a ReadProcessMemory or WriteProcessMemory request was completed. (0x12B)
[1223/012137.643:ERROR:process_memory_win.cc(73)] ReadMemory at 0x23afbe36f00 of 60 bytes failed: Only part of a ReadProcessMemory or WriteProcessMemory request was completed. (0x12B)
[1223/012137.643:ERROR:process_memory_win.cc(73)] ReadMemory at 0x23afbe374a0 of 64 bytes failed: Only part of a ReadProcessMemory or WriteProcessMemory request was completed. (0x12B)
[1223/012137.643:ERROR:process_memory_win.cc(73)] ReadMemory at 0x23afbe374f0 of 64 bytes failed: Only part of a ReadProcessMemory or WriteProcessMemory request was completed. (0x12B)
[1223/012137.643:ERROR:process_memory_win.cc(73)] ReadMemory at 0x23afbe37540 of 62 bytes failed: Only part of a ReadProcessMemory or WriteProcessMemory request was completed. (0x12B)
[1223/012137.643:ERROR:process_memory_win.cc(73)] ReadMemory at 0x23afbe388f0 of 132 bytes failed: Only part of a ReadProcessMemory or WriteProcessMemory request was completed. (0x12B)
[1223/012137.643:ERROR:process_memory_win.cc(73)] ReadMemory at 0x23afbe39270 of 132 bytes failed: Only part of a ReadProcessMemory or WriteProcessMemory request was completed. (0x12B)
[1223/012137.643:ERROR:process_memory_win.cc(73)] ReadMemory at 0x23afbe393a0 of 132 bytes failed: Only part of a ReadProcessMemory or WriteProcessMemory request was completed. (0x12B)
[1223/012137.643:ERROR:process_memory_win.cc(73)] ReadMemory at 0x23afbe394d0 of 132 bytes failed: Only part of a ReadProcessMemory or WriteProcessMemory request was completed. (0x12B)
[1223/012137.643:ERROR:process_memory_win.cc(73)] ReadMemory at 0x23afbe39860 of 132 bytes failed: Only part of a ReadProcessMemory or WriteProcessMemory request was completed. (0x12B)
[1223/012137.643:ERROR:process_memory_win.cc(73)] ReadMemory at 0x23afbe39990 of 132 bytes failed: Only part of a ReadProcessMemory or WriteProcessMemory request was completed. (0x12B)
[1223/012137.643:ERROR:process_memory_win.cc(73)] ReadMemory at 0x23afbe39d20 of 132 bytes failed: Only part of a ReadProcessMemory or WriteProcessMemory request was completed. (0x12B)
[1223/012137.643:ERROR:process_memory_win.cc(73)] ReadMemory at 0x23afbe39e50 of 132 bytes failed: Only part of a ReadProcessMemory or WriteProcessMemory request was completed. (0x12B)
[1223/012137.643:ERROR:process_memory_win.cc(73)] ReadMemory at 0x23afbe3a1e0 of 132 bytes failed: Only part of a ReadProcessMemory or WriteProcessMemory request was completed. (0x12B)
[1223/012137.644:ERROR:process_memory_win.cc(73)] ReadMemory at 0x23afbe4cc08 of 512 bytes failed: Only part of a ReadProcessMemory or WriteProcessMemory request was completed. (0x12B)
[1223/012137.644:ERROR:process_memory_win.cc(73)] ReadMemory at 0x23afbe6a250 of 58 bytes failed: Only part of a ReadProcessMemory or WriteProcessMemory request was completed. (0x12B)
[1223/012137.644:ERROR:process_memory_win.cc(73)] ReadMemory at 0x23afbe7ac50 of 512 bytes failed: Only part of a ReadProcessMemory or WriteProcessMemory request was completed. (0x12B)
[1223/012137.644:ERROR:process_memory_win.cc(73)] ReadMemory at 0x23afbe7afd0 of 512 bytes failed: Only part of a ReadProcessMemory or WriteProcessMemory request was completed. (0x12B)
[1223/012137.644:ERROR:process_memory_win.cc(73)] ReadMemory at 0x23afbe7dc00 of 512 bytes failed: Only part of a ReadProcessMemory or WriteProcessMemory request was completed. (0x12B)
[1223/012137.644:ERROR:process_memory_win.cc(73)] ReadMemory at 0x23afbe7df80 of 512 bytes failed: Only part of a ReadProcessMemory or WriteProcessMemory request was completed. (0x12B)
[1223/012137.644:ERROR:process_memory_win.cc(73)] ReadMemory at 0x23afbeaec00 of 64 bytes failed: Only part of a ReadProcessMemory or WriteProcessMemory request was completed. (0x12B)
[1223/012137.644:ERROR:process_memory_win.cc(73)] ReadMemory at 0x23afbeaed20 of 512 bytes failed: Only part of a ReadProcessMemory or WriteProcessMemory request was completed. (0x12B)
[1223/012137.644:ERROR:process_memory_win.cc(73)] ReadMemory at 0x23afbeb0000 of 60 bytes failed: Only part of a ReadProcessMemory or WriteProcessMemory request was completed. (0x12B)
[1223/012137.644:ERROR:process_memory_win.cc(73)] ReadMemory at 0x7df56f0505d4 of 512 bytes failed: Only part of a ReadProcessMemory or WriteProcessMemory request was completed. (0x12B)
[1223/012137.644:ERROR:process_memory_win.cc(73)] ReadMemory at 0x7ff819cab625 of 512 bytes failed: Only part of a ReadProcessMemory or WriteProcessMemory request was completed. (0x12B)
[1223/012137.644:ERROR:process_memory_win.cc(73)] ReadMemory at 0x7ff81b482c65 of 512 bytes failed: Only part of a ReadProcessMemory or WriteProcessMemory request was completed. (0x12B)
[1223/012137.644:ERROR:process_memory_win.cc(73)] ReadMemory at 0x7ff81e275e68 of 512 bytes failed: Only part of a ReadProcessMemory or WriteProcessMemory request was completed. (0x12B)
[1223/012137.644:ERROR:process_memory_win.cc(73)] ReadMemory at 0x7ff81ea85450 of 512 bytes failed: Only part of a ReadProcessMemory or WriteProcessMemory request was completed. (0x12B)
[1223/012137.644:ERROR:process_memory_win.cc(73)] ReadMemory at 0x7ff81eb80310 of 512 bytes failed: Only part of a ReadProcessMemory or WriteProcessMemory request was completed. (0x12B)
[1223/012137.645:ERROR:process_memory_win.cc(73)] ReadMemory at 0x7ff86e1f0000 of 504 bytes failed: Only part of a ReadProcessMemory or WriteProcessMemory request was completed. (0x12B)
[1223/012137.645:ERROR:process_memory_win.cc(73)] ReadMemory at 0x7ff86e2aea3d of 512 bytes failed: Only part of a ReadProcessMemory or WriteProcessMemory request was completed. (0x12B)
[1223/012137.645:ERROR:process_memory_win.cc(73)] ReadMemory at 0x7ff8ac240000 of 384 bytes failed: Only part of a ReadProcessMemory or WriteProcessMemory request was completed. (0x12B)
[1223/012137.645:ERROR:process_memory_win.cc(73)] ReadMemory at 0x7ff8accfb6d0 of 512 bytes failed: Only part of a ReadProcessMemory or WriteProcessMemory request was completed. (0x12B)
[1223/012137.645:ERROR:process_memory_win.cc(73)] ReadMemory at 0x7ff8af5a5c10 of 512 bytes failed: Only part of a ReadProcessMemory or WriteProcessMemory request was completed. (0x12B)
[1223/012137.645:ERROR:process_memory_win.cc(73)] ReadMemory at 0x7ff8af5a7d20 of 512 bytes failed: Only part of a ReadProcessMemory or WriteProcessMemory request was completed. (0x12B)
[1223/012137.645:ERROR:process_memory_win.cc(73)] ReadMemory at 0x7ff8af5b2b00 of 512 bytes failed: Only part of a ReadProcessMemory or WriteProcessMemory request was completed. (0x12B)
[1223/012137.645:ERROR:process_memory_win.cc(73)] ReadMemory at 0x7ff8afb9c0c4 of 672 bytes failed: Only part of a ReadProcessMemory or WriteProcessMemory request was completed. (0x12B)
[1223/012137.645:ERROR:process_memory_win.cc(73)] ReadMemory at 0x7ff8afb9c6c4 of 512 bytes failed: Only part of a ReadProcessMemory or WriteProcessMemory request was completed. (0x12B)
[1223/012137.645:ERROR:process_memory_win.cc(73)] ReadMemory at 0x7ff8afb9cb94 of 512 bytes failed: Only part of a ReadProcessMemory or WriteProcessMemory request was completed. (0x12B)
[1223/012137.645:ERROR:process_memory_win.cc(73)] ReadMemory at 0x7ff8afb9f9d4 of 512 bytes failed: Only part of a ReadProcessMemory or WriteProcessMemory request was completed. (0x12B)
[1223/012137.645:ERROR:process_memory_win.cc(73)] ReadMemory at 0x7ff8afc2c428 of 18 bytes failed: Only part of a ReadProcessMemory or WriteProcessMemory request was completed. (0x12B)
[1223/012137.645:ERROR:process_memory_win.cc(73)] ReadMemory at 0x7ff8afc5f4f8 of 40 bytes failed: Only part of a ReadProcessMemory or WriteProcessMemory request was completed. (0x12B)
[1223/012137.645:ERROR:process_memory_win.cc(73)] ReadMemory at 0x7ff8afc5f978 of 48 bytes failed: Only part of a ReadProcessMemory or WriteProcessMemory request was completed. (0x12B)
[1223/012137.646:ERROR:process_memory_win.cc(73)] ReadMemory at 0x7ff8afc653c0 of 64 bytes failed: Only part of a ReadProcessMemory or WriteProcessMemory request was completed. (0x12B)
[1223/012137.651:ERROR:scoped_process_suspend.cc(40)] NtResumeProcess: An attempt was made to access an exiting process. (0xc000010a)
